solutions/a_sol: 1 (correct)
solutions/b_sol: 1 (correct)
solutions/c_sol: 1 (incorrect)
solutions/d_sol: 1 (incorrect)
solutions/e_sol: 1 (crash)
solutions/f_sol: 1 (correct)
solutions/g_sol: 1 (correct)
solutions/h_sol: 1 (crash)
solutions/i_sol: 1 (correct)
solutions/j_sol: 1 (correct)
solutions/k_sol: 1 (correct)
solutions/l_sol: 1 (crash)
solutions/m_sol: 1 (correct)
solutions/n_sol: 1 (incorrect)
solutions/o_sol: 1 (incorrect)
solutions/p_sol: 1 (correct)
solutions/q_sol: 1 (incorrect)
solutions/r_sol: 1 (crash)
solutions/s_sol: 1 (crash)
solutions/t_sol: 1 (incorrect)
solutions/a_sol: 2 (correct)
solutions/b_sol: 2 (incorrect)
solutions/c_sol: 2 (incorrect)
solutions/d_sol: 2 (crash)
solutions/e_sol: 2 (correct)
solutions/f_sol: 2 (correct)
solutions/g_sol: 2 (crash)
solutions/h_sol: 2 (correct)
solutions/i_sol: 2 (correct)
solutions/j_sol: 2 (correct)
solutions/k_sol: 2 (crash)
solutions/l_sol: 2 (correct)
solutions/m_sol: 2 (incorrect)
solutions/n_sol: 2 (incorrect)
solutions/o_sol: 2 (correct)
solutions/p_sol: 2 (incorrect)
solutions/q_sol: 2 (crash)
solutions/r_sol: 2 (crash)
solutions/s_sol: 2 (incorrect)
solutions/t_sol: 2 (crash)
solutions/a_sol: 3 (incorrect)
solutions/b_sol: 3 (incorrect)
solutions/c_sol: 3 (crash)
solutions/d_sol: 3 (correct)
solutions/e_sol: 3 (correct)
solutions/f_sol: 3 (crash)
solutions/g_sol: 3 (correct)
solutions/h_sol: 3 (correct)
solutions/i_sol: 3 (correct)
solutions/j_sol: 3 (crash)
solutions/k_sol: 3 (correct)
solutions/l_sol: 3 (incorrect)
solutions/m_sol: 3 (incorrect)
solutions/n_sol: 3 (correct)
solutions/o_sol: 3 (incorrect)
solutions/p_sol: 3 (crash)
solutions/q_sol: 3 (crash)
solutions/r_sol: 3 (incorrect)
solutions/s_sol: 3 (crash)
solutions/t_sol: 3 (correct)
